2018-01-07 15:09:57,555 - :::::Start Execution:::: -INFO - 
2018-01-07 15:09:57,574 - :::::Start TestCase:::: -INFO - 
2018-01-07 15:10:08,385 - TC101_AddQualificationDetails_WorkExperience -INFO - <<PASS>> Application is launched successfully
2018-01-07 15:10:09,476 - TC101_AddQualificationDetails_WorkExperience -INFO - <<PASS>> Able to enter username
2018-01-07 15:10:09,776 - TC101_AddQualificationDetails_WorkExperience -INFO - <<PASS>> Able to enter password
2018-01-07 15:10:12,541 - TC101_AddQualificationDetails_WorkExperience -INFO - <<PASS>> Able to click on login
2018-01-07 15:10:12,652 - TC101_AddQualificationDetails_WorkExperience -INFO - <<PASS>> Login is successful
2018-01-07 15:10:18,227 - TC101_AddQualificationDetails_WorkExperience -INFO - <<PASS>> Able to click on MyInfo
2018-01-07 15:10:20,688 - TC101_AddQualificationDetails_WorkExperience -INFO - <<PASS>> Able to click on Qualifications
2018-01-07 15:10:21,098 - TC101_AddQualificationDetails_WorkExperience -INFO - <<PASS>> Able to click on WorkExperience Add Button
2018-01-07 15:10:21,500 - TC101_AddQualificationDetails_WorkExperience -INFO - <<PASS>> Able to enter Company Name
2018-01-07 15:10:21,919 - TC101_AddQualificationDetails_WorkExperience -INFO - <<PASS>> Able to enter Jobtitle
2018-01-07 15:10:24,060 - TC101_AddQualificationDetails_WorkExperience -INFO - <<PASS>> Able to enter Fromdate
2018-01-07 15:10:25,815 - TC101_AddQualificationDetails_WorkExperience -INFO - <<PASS>> Able to enter Todate
2018-01-07 15:10:26,256 - TC101_AddQualificationDetails_WorkExperience -INFO - <<PASS>> Able to enter Comments
2018-01-07 15:10:29,021 - TC101_AddQualificationDetails_WorkExperience -INFO - <<PASS>> Able to click on WorkExperience Save Button
2018-01-07 15:10:29,334 - TC101_AddQualificationDetails_WorkExperience -INFO - <<PASS>> Record Added Successfully Message is displayed
2018-01-07 15:10:34,723 - TC101_AddQualificationDetails_WorkExperience -INFO - <<PASS>> Able to click on Logout
2018-01-07 15:10:35,540 - :::::End TestCase:::: -INFO - 
2018-01-07 15:10:35,725 - :::::Start TestCase:::: -INFO - 
2018-01-07 15:10:45,452 - TC102_DeleteQualificationDetails_WorkExperience -INFO - <<PASS>> Application is launched successfully
2018-01-07 15:10:47,003 - TC102_DeleteQualificationDetails_WorkExperience -INFO - <<PASS>> Able to enter username
2018-01-07 15:10:47,287 - TC102_DeleteQualificationDetails_WorkExperience -INFO - <<PASS>> Able to enter password
2018-01-07 15:10:49,958 - TC102_DeleteQualificationDetails_WorkExperience -INFO - <<PASS>> Able to click on login
2018-01-07 15:10:50,060 - TC102_DeleteQualificationDetails_WorkExperience -INFO - <<PASS>> Login is successful
2018-01-07 15:10:55,098 - TC102_DeleteQualificationDetails_WorkExperience -INFO - <<PASS>> Able to click on MyInfo
2018-01-07 15:10:57,254 - TC102_DeleteQualificationDetails_WorkExperience -INFO - <<PASS>> Able to click on Qualifications
2018-01-07 15:10:57,646 - TC102_DeleteQualificationDetails_WorkExperience -INFO - <<PASS>> Able to click On checkbox
2018-01-07 15:10:59,878 - TC102_DeleteQualificationDetails_WorkExperience -INFO - <<PASS>> Able to click On Delete Button
2018-01-07 15:11:00,146 - TC102_DeleteQualificationDetails_WorkExperience -INFO - <<PASS>> Records Deleted Successfully Message is displayed
2018-01-07 15:11:05,515 - TC102_DeleteQualificationDetails_WorkExperience -INFO - <<PASS>> Able to click on Logout
2018-01-07 15:11:06,257 - :::::End TestCase:::: -INFO - 
2018-01-07 15:11:06,347 - :::::Start TestCase:::: -INFO - 
2018-01-07 15:11:17,098 - TC103_AddQualificationDetails_Education -INFO - <<PASS>> Application is launched successfully
2018-01-07 15:11:18,268 - TC103_AddQualificationDetails_Education -INFO - <<PASS>> Able to enter username
2018-01-07 15:11:18,743 - TC103_AddQualificationDetails_Education -INFO - <<PASS>> Able to enter password
2018-01-07 15:11:20,616 - TC103_AddQualificationDetails_Education -INFO - <<PASS>> Able to click on login
2018-01-07 15:11:20,758 - TC103_AddQualificationDetails_Education -INFO - <<PASS>> Login is successful
2018-01-07 15:11:24,950 - TC103_AddQualificationDetails_Education -INFO - <<PASS>> Able to click on MyInfo
2018-01-07 15:11:26,989 - TC103_AddQualificationDetails_Education -INFO - <<PASS>> Able to click on Qualifications
2018-01-07 15:11:26,991 - :::::End TestCase:::: -INFO - 
2018-01-07 15:11:27,050 - :::::Start TestCase:::: -INFO - 
2018-01-07 15:11:27,057 - :::::End TestCase:::: -INFO - 
2018-01-07 15:11:27,058 - :::::Start TestCase:::: -INFO - 
2018-01-07 15:11:27,066 - :::::End TestCase:::: -INFO - 
2018-01-07 15:11:27,068 - :::::Start TestCase:::: -INFO - 
2018-01-07 15:11:27,075 - :::::End TestCase:::: -INFO - 
2018-01-07 15:11:27,386 - :::::End Execution:::: -INFO - 
2018-01-07 15:13:14,370 - :::::Start Execution:::: -INFO - 
2018-01-07 15:13:14,385 - :::::Start TestCase:::: -INFO - 
2018-01-07 15:13:25,524 - TC101_AddQualificationDetails_WorkExperience -INFO - <<PASS>> Application is launched successfully
2018-01-07 15:13:26,698 - TC101_AddQualificationDetails_WorkExperience -INFO - <<PASS>> Able to enter username
2018-01-07 15:13:26,911 - TC101_AddQualificationDetails_WorkExperience -INFO - <<PASS>> Able to enter password
2018-01-07 15:13:28,901 - TC101_AddQualificationDetails_WorkExperience -INFO - <<PASS>> Able to click on login
2018-01-07 15:13:29,009 - TC101_AddQualificationDetails_WorkExperience -INFO - <<PASS>> Login is successful
2018-01-07 15:13:34,419 - TC101_AddQualificationDetails_WorkExperience -INFO - <<PASS>> Able to click on MyInfo
2018-01-07 15:13:36,423 - TC101_AddQualificationDetails_WorkExperience -INFO - <<PASS>> Able to click on Qualifications
2018-01-07 15:13:36,838 - TC101_AddQualificationDetails_WorkExperience -INFO - <<PASS>> Able to click on WorkExperience Add Button
2018-01-07 15:13:37,197 - TC101_AddQualificationDetails_WorkExperience -INFO - <<PASS>> Able to enter Company Name
2018-01-07 15:13:37,572 - TC101_AddQualificationDetails_WorkExperience -INFO - <<PASS>> Able to enter Jobtitle
2018-01-07 15:13:39,856 - TC101_AddQualificationDetails_WorkExperience -INFO - <<PASS>> Able to enter Fromdate
2018-01-07 15:13:41,936 - TC101_AddQualificationDetails_WorkExperience -INFO - <<PASS>> Able to enter Todate
2018-01-07 15:13:42,296 - TC101_AddQualificationDetails_WorkExperience -INFO - <<PASS>> Able to enter Comments
2018-01-07 15:13:44,827 - TC101_AddQualificationDetails_WorkExperience -INFO - <<PASS>> Able to click on WorkExperience Save Button
2018-01-07 15:13:45,077 - TC101_AddQualificationDetails_WorkExperience -INFO - <<PASS>> Record Added Successfully Message is displayed
2018-01-07 15:13:50,405 - TC101_AddQualificationDetails_WorkExperience -INFO - <<PASS>> Able to click on Logout
2018-01-07 15:13:51,358 - :::::End TestCase:::: -INFO - 
2018-01-07 15:13:51,579 - :::::Start TestCase:::: -INFO - 
2018-01-07 15:14:01,946 - TC102_DeleteQualificationDetails_WorkExperience -INFO - <<PASS>> Application is launched successfully
2018-01-07 15:14:02,894 - TC102_DeleteQualificationDetails_WorkExperience -INFO - <<PASS>> Able to enter username
2018-01-07 15:14:03,101 - TC102_DeleteQualificationDetails_WorkExperience -INFO - <<PASS>> Able to enter password
2018-01-07 15:14:05,445 - TC102_DeleteQualificationDetails_WorkExperience -INFO - <<PASS>> Able to click on login
2018-01-07 15:14:05,575 - TC102_DeleteQualificationDetails_WorkExperience -INFO - <<PASS>> Login is successful
2018-01-07 15:14:11,048 - TC102_DeleteQualificationDetails_WorkExperience -INFO - <<PASS>> Able to click on MyInfo
2018-01-07 15:14:13,204 - TC102_DeleteQualificationDetails_WorkExperience -INFO - <<PASS>> Able to click on Qualifications
2018-01-07 15:14:13,576 - TC102_DeleteQualificationDetails_WorkExperience -INFO - <<PASS>> Able to click On checkbox
2018-01-07 15:14:16,624 - TC102_DeleteQualificationDetails_WorkExperience -INFO - <<PASS>> Able to click On Delete Button
2018-01-07 15:14:17,046 - TC102_DeleteQualificationDetails_WorkExperience -INFO - <<PASS>> Records Deleted Successfully Message is displayed
2018-01-07 15:14:22,845 - TC102_DeleteQualificationDetails_WorkExperience -INFO - <<PASS>> Able to click on Logout
2018-01-07 15:14:23,360 - :::::End TestCase:::: -INFO - 
2018-01-07 15:14:23,469 - :::::Start TestCase:::: -INFO - 
2018-01-07 15:14:33,919 - TC103_AddQualificationDetails_Education -INFO - <<PASS>> Application is launched successfully
2018-01-07 15:14:35,172 - TC103_AddQualificationDetails_Education -INFO - <<PASS>> Able to enter username
2018-01-07 15:14:35,372 - TC103_AddQualificationDetails_Education -INFO - <<PASS>> Able to enter password
2018-01-07 15:14:38,067 - TC103_AddQualificationDetails_Education -INFO - <<PASS>> Able to click on login
2018-01-07 15:14:38,187 - TC103_AddQualificationDetails_Education -INFO - <<PASS>> Login is successful
2018-01-07 15:14:42,128 - TC103_AddQualificationDetails_Education -INFO - <<PASS>> Able to click on MyInfo
2018-01-07 15:14:44,410 - TC103_AddQualificationDetails_Education -INFO - <<PASS>> Able to click on Qualifications
2018-01-07 15:14:44,411 - :::::End TestCase:::: -INFO - 
2018-01-07 15:14:44,476 - :::::Start TestCase:::: -INFO - 
2018-01-07 15:14:44,481 - :::::End TestCase:::: -INFO - 
2018-01-07 15:14:44,482 - :::::Start TestCase:::: -INFO - 
2018-01-07 15:14:44,487 - :::::End TestCase:::: -INFO - 
2018-01-07 15:14:44,489 - :::::Start TestCase:::: -INFO - 
2018-01-07 15:14:44,494 - :::::End TestCase:::: -INFO - 
2018-01-07 15:14:44,760 - :::::End Execution:::: -INFO - 
2018-01-07 15:15:54,125 - :::::Start Execution:::: -INFO - 
2018-01-07 15:15:54,141 - :::::Start TestCase:::: -INFO - 
2018-01-07 15:16:05,390 - TC101_AddQualificationDetails_WorkExperience -INFO - <<PASS>> Application is launched successfully
2018-01-07 15:16:06,597 - TC101_AddQualificationDetails_WorkExperience -INFO - <<PASS>> Able to enter username
2018-01-07 15:16:06,833 - TC101_AddQualificationDetails_WorkExperience -INFO - <<PASS>> Able to enter password
2018-01-07 15:16:09,239 - TC101_AddQualificationDetails_WorkExperience -INFO - <<PASS>> Able to click on login
2018-01-07 15:16:09,344 - TC101_AddQualificationDetails_WorkExperience -INFO - <<PASS>> Login is successful
2018-01-07 15:16:14,781 - TC101_AddQualificationDetails_WorkExperience -INFO - <<PASS>> Able to click on MyInfo
2018-01-07 15:16:16,136 - TC101_AddQualificationDetails_WorkExperience -INFO - <<PASS>> Able to click on Qualifications
2018-01-07 15:16:17,215 - TC101_AddQualificationDetails_WorkExperience -INFO - <<PASS>> Able to click on WorkExperience Add Button
2018-01-07 15:16:17,606 - TC101_AddQualificationDetails_WorkExperience -INFO - <<PASS>> Able to enter Company Name
2018-01-07 15:16:18,121 - TC101_AddQualificationDetails_WorkExperience -INFO - <<PASS>> Able to enter Jobtitle
2018-01-07 15:16:20,342 - TC101_AddQualificationDetails_WorkExperience -INFO - <<PASS>> Able to enter Fromdate
2018-01-07 15:16:22,156 - TC101_AddQualificationDetails_WorkExperience -INFO - <<PASS>> Able to enter Todate
2018-01-07 15:16:22,625 - TC101_AddQualificationDetails_WorkExperience -INFO - <<PASS>> Able to enter Comments
2018-01-07 15:16:25,077 - TC101_AddQualificationDetails_WorkExperience -INFO - <<PASS>> Able to click on WorkExperience Save Button
2018-01-07 15:16:25,312 - TC101_AddQualificationDetails_WorkExperience -INFO - <<PASS>> Record Added Successfully Message is displayed
2018-01-07 15:16:30,669 - TC101_AddQualificationDetails_WorkExperience -INFO - <<PASS>> Able to click on Logout
2018-01-07 15:16:31,372 - :::::End TestCase:::: -INFO - 
2018-01-07 15:16:31,569 - :::::Start TestCase:::: -INFO - 
2018-01-07 15:16:41,153 - TC102_DeleteQualificationDetails_WorkExperience -INFO - <<PASS>> Application is launched successfully
2018-01-07 15:16:42,488 - TC102_DeleteQualificationDetails_WorkExperience -INFO - <<PASS>> Able to enter username
2018-01-07 15:16:42,722 - TC102_DeleteQualificationDetails_WorkExperience -INFO - <<PASS>> Able to enter password
2018-01-07 15:16:44,764 - TC102_DeleteQualificationDetails_WorkExperience -INFO - <<PASS>> Able to click on login
2018-01-07 15:16:44,870 - TC102_DeleteQualificationDetails_WorkExperience -INFO - <<PASS>> Login is successful
2018-01-07 15:16:50,384 - TC102_DeleteQualificationDetails_WorkExperience -INFO - <<PASS>> Able to click on MyInfo
2018-01-07 15:16:52,548 - TC102_DeleteQualificationDetails_WorkExperience -INFO - <<PASS>> Able to click on Qualifications
2018-01-07 15:16:52,896 - TC102_DeleteQualificationDetails_WorkExperience -INFO - <<PASS>> Able to click On checkbox
2018-01-07 15:16:55,025 - TC102_DeleteQualificationDetails_WorkExperience -INFO - <<PASS>> Able to click On Delete Button
2018-01-07 15:16:55,259 - TC102_DeleteQualificationDetails_WorkExperience -INFO - <<PASS>> Records Deleted Successfully Message is displayed
2018-01-07 15:17:00,538 - TC102_DeleteQualificationDetails_WorkExperience -INFO - <<PASS>> Able to click on Logout
2018-01-07 15:17:01,022 - :::::End TestCase:::: -INFO - 
2018-01-07 15:17:01,139 - :::::Start TestCase:::: -INFO - 
2018-01-07 15:17:11,475 - TC103_AddQualificationDetails_Education -INFO - <<PASS>> Application is launched successfully
2018-01-07 15:17:12,739 - TC103_AddQualificationDetails_Education -INFO - <<PASS>> Able to enter username
2018-01-07 15:17:13,023 - TC103_AddQualificationDetails_Education -INFO - <<PASS>> Able to enter password
2018-01-07 15:17:15,553 - TC103_AddQualificationDetails_Education -INFO - <<PASS>> Able to click on login
2018-01-07 15:17:15,676 - TC103_AddQualificationDetails_Education -INFO - <<PASS>> Login is successful
2018-01-07 15:17:21,714 - TC103_AddQualificationDetails_Education -INFO - <<PASS>> Able to click on MyInfo
2018-01-07 15:17:23,643 - TC103_AddQualificationDetails_Education -INFO - <<PASS>> Able to click on Qualifications
2018-01-07 15:17:23,643 - :::::End TestCase:::: -INFO - 
2018-01-07 15:17:23,943 - :::::End Execution:::: -INFO - 
2018-01-08 14:41:44,207 - :::::Start Execution:::: -INFO - 
2018-01-08 14:41:44,221 - :::::Start TestCase:::: -INFO - 
2018-01-08 14:47:06,242 - :::::Start Execution:::: -INFO - 
2018-01-08 14:47:06,256 - :::::Start TestCase:::: -INFO - 
2018-01-08 14:47:12,820 - TC101_AddQualificationDetails_WorkExperience -INFO - <<PASS>> Application is launched successfully
2018-01-08 14:47:13,240 - TC101_AddQualificationDetails_WorkExperience -INFO - <<PASS>> Able to enter username
2018-01-08 14:47:13,642 - TC101_AddQualificationDetails_WorkExperience -INFO - <<PASS>> Able to enter password
2018-01-08 14:47:15,447 - TC101_AddQualificationDetails_WorkExperience -INFO - <<PASS>> Able to click on login
2018-01-08 14:47:15,777 - TC101_AddQualificationDetails_WorkExperience -INFO - <<PASS>> Login is successful
2018-01-08 14:47:19,486 - TC101_AddQualificationDetails_WorkExperience -INFO - <<PASS>> Able to click on MyInfo
2018-01-08 14:47:21,786 - TC101_AddQualificationDetails_WorkExperience -INFO - <<PASS>> Able to click on Qualifications
2018-01-08 14:47:22,173 - TC101_AddQualificationDetails_WorkExperience -INFO - <<PASS>> Able to click on WorkExperience Add Button
2018-01-08 14:47:22,561 - TC101_AddQualificationDetails_WorkExperience -INFO - <<PASS>> Able to enter Company Name
2018-01-08 14:47:22,934 - TC101_AddQualificationDetails_WorkExperience -INFO - <<PASS>> Able to enter Jobtitle
2018-01-08 14:47:24,451 - TC101_AddQualificationDetails_WorkExperience -INFO - <<PASS>> Able to enter Fromdate
2018-01-08 14:47:25,936 - TC101_AddQualificationDetails_WorkExperience -INFO - <<PASS>> Able to enter Todate
2018-01-08 14:47:26,323 - TC101_AddQualificationDetails_WorkExperience -INFO - <<PASS>> Able to enter Comments
2018-01-08 14:47:28,643 - TC101_AddQualificationDetails_WorkExperience -INFO - <<PASS>> Able to click on WorkExperience Save Button
2018-01-08 14:47:28,986 - TC101_AddQualificationDetails_WorkExperience -INFO - <<PASS>> Record Added Successfully Message is displayed
2018-01-08 14:53:07,801 - :::::Start Execution:::: -INFO - 
2018-01-08 14:53:07,815 - :::::Start TestCase:::: -INFO - 
2018-01-08 14:53:13,396 - TC101_AddQualificationDetails_WorkExperience -INFO - <<PASS>> Application is launched successfully
2018-01-08 14:53:13,799 - TC101_AddQualificationDetails_WorkExperience -INFO - <<PASS>> Able to enter username
2018-01-08 14:53:14,196 - TC101_AddQualificationDetails_WorkExperience -INFO - <<PASS>> Able to enter password
2018-01-08 14:53:15,879 - TC101_AddQualificationDetails_WorkExperience -INFO - <<PASS>> Able to click on login
2018-01-08 14:53:16,180 - TC101_AddQualificationDetails_WorkExperience -INFO - <<PASS>> Login is successful
2018-01-08 14:53:20,966 - TC101_AddQualificationDetails_WorkExperience -INFO - <<PASS>> Able to click on MyInfo
2018-01-08 14:53:22,401 - TC101_AddQualificationDetails_WorkExperience -INFO - <<PASS>> Able to click on Qualifications
2018-01-08 14:53:22,788 - TC101_AddQualificationDetails_WorkExperience -INFO - <<PASS>> Able to click on WorkExperience Add Button
2018-01-08 14:53:23,171 - TC101_AddQualificationDetails_WorkExperience -INFO - <<PASS>> Able to enter Company Name
2018-01-08 14:53:23,534 - TC101_AddQualificationDetails_WorkExperience -INFO - <<PASS>> Able to enter Jobtitle
2018-01-08 14:53:23,650 - TC101_AddQualificationDetails_WorkExperience -INFO - <<FAIL>> Unable to enter Fromdate
2018-01-08 14:53:23,653 - :::::End TestCase:::: -INFO - 
2018-01-08 14:53:24,006 - :::::End Execution:::: -INFO - 
2018-01-08 15:11:31,521 - :::::Start Execution:::: -INFO - 
2018-01-08 15:11:31,548 - :::::Start TestCase:::: -INFO - 
2018-01-08 15:11:36,728 - TC101_AddQualificationDetails_WorkExperience -INFO - <<PASS>> Application is launched successfully
2018-01-08 15:11:37,169 - TC101_AddQualificationDetails_WorkExperience -INFO - <<PASS>> Able to enter username
2018-01-08 15:11:37,530 - TC101_AddQualificationDetails_WorkExperience -INFO - <<PASS>> Able to enter password
2018-01-08 15:11:39,916 - TC101_AddQualificationDetails_WorkExperience -INFO - <<PASS>> Able to click on login
2018-01-08 15:11:40,198 - TC101_AddQualificationDetails_WorkExperience -INFO - <<PASS>> Login is successful
2018-01-08 15:11:44,921 - TC101_AddQualificationDetails_WorkExperience -INFO - <<PASS>> Able to click on MyInfo
2018-01-08 15:11:47,128 - TC101_AddQualificationDetails_WorkExperience -INFO - <<PASS>> Able to click on Qualifications
2018-01-08 15:11:47,510 - TC101_AddQualificationDetails_WorkExperience -INFO - <<PASS>> Able to click on WorkExperience Add Button
2018-01-08 15:11:47,892 - TC101_AddQualificationDetails_WorkExperience -INFO - <<PASS>> Able to enter Company Name
2018-01-08 15:11:48,244 - TC101_AddQualificationDetails_WorkExperience -INFO - <<PASS>> Able to enter Jobtitle
2018-01-08 15:11:48,351 - TC101_AddQualificationDetails_WorkExperience -INFO - <<FAIL>> Unable to enter Fromdate
2018-01-08 15:11:48,353 - :::::End TestCase:::: -INFO - 
2018-01-08 15:11:48,615 - :::::End Execution:::: -INFO - 
2018-01-08 15:15:32,966 - :::::Start Execution:::: -INFO - 
2018-01-08 15:15:32,984 - :::::Start TestCase:::: -INFO - 
2018-01-08 15:15:37,370 - TC101_AddQualificationDetails_WorkExperience -INFO - <<PASS>> Application is launched successfully
2018-01-08 15:15:37,756 - TC101_AddQualificationDetails_WorkExperience -INFO - <<PASS>> Able to enter username
2018-01-08 15:15:38,142 - TC101_AddQualificationDetails_WorkExperience -INFO - <<PASS>> Able to enter password
2018-01-08 15:15:39,969 - TC101_AddQualificationDetails_WorkExperience -INFO - <<PASS>> Able to click on login
2018-01-08 15:15:40,274 - TC101_AddQualificationDetails_WorkExperience -INFO - <<PASS>> Login is successful
2018-01-08 15:15:43,186 - TC101_AddQualificationDetails_WorkExperience -INFO - <<PASS>> Able to click on MyInfo
2018-01-08 15:15:44,997 - TC101_AddQualificationDetails_WorkExperience -INFO - <<PASS>> Able to click on Qualifications
2018-01-08 15:15:45,373 - TC101_AddQualificationDetails_WorkExperience -INFO - <<PASS>> Able to click on WorkExperience Add Button
2018-01-08 15:15:45,767 - TC101_AddQualificationDetails_WorkExperience -INFO - <<PASS>> Able to enter Company Name
2018-01-08 15:15:46,130 - TC101_AddQualificationDetails_WorkExperience -INFO - <<PASS>> Able to enter Jobtitle
2018-01-08 15:15:46,235 - TC101_AddQualificationDetails_WorkExperience -INFO - <<FAIL>> Unable to enter Fromdate
2018-01-08 15:15:46,238 - :::::End TestCase:::: -INFO - 
2018-01-08 15:15:46,459 - :::::End Execution:::: -INFO - 
2018-01-08 15:17:32,427 - :::::Start Execution:::: -INFO - 
2018-01-08 15:17:32,440 - :::::Start TestCase:::: -INFO - 
2018-01-08 15:17:38,277 - TC101_AddQualificationDetails_WorkExperience -INFO - <<PASS>> Application is launched successfully
2018-01-08 15:17:38,687 - TC101_AddQualificationDetails_WorkExperience -INFO - <<PASS>> Able to enter username
2018-01-08 15:17:39,069 - TC101_AddQualificationDetails_WorkExperience -INFO - <<PASS>> Able to enter password
2018-01-08 15:17:40,724 - TC101_AddQualificationDetails_WorkExperience -INFO - <<PASS>> Able to click on login
2018-01-08 15:17:41,037 - TC101_AddQualificationDetails_WorkExperience -INFO - <<PASS>> Login is successful
2018-01-08 15:17:44,192 - TC101_AddQualificationDetails_WorkExperience -INFO - <<PASS>> Able to click on MyInfo
2018-01-08 15:17:45,935 - TC101_AddQualificationDetails_WorkExperience -INFO - <<PASS>> Able to click on Qualifications
2018-01-08 15:17:46,288 - TC101_AddQualificationDetails_WorkExperience -INFO - <<PASS>> Able to click on WorkExperience Add Button
2018-01-08 15:17:46,647 - TC101_AddQualificationDetails_WorkExperience -INFO - <<PASS>> Able to enter Company Name
2018-01-08 15:17:46,991 - TC101_AddQualificationDetails_WorkExperience -INFO - <<PASS>> Able to enter Jobtitle
2018-01-08 15:17:47,096 - TC101_AddQualificationDetails_WorkExperience -INFO - <<FAIL>> Unable to enter Fromdate
2018-01-08 15:17:47,099 - :::::End TestCase:::: -INFO - 
2018-01-08 15:17:47,408 - :::::End Execution:::: -INFO - 
2018-01-08 15:20:26,759 - :::::Start Execution:::: -INFO - 
2018-01-08 15:20:26,775 - :::::Start TestCase:::: -INFO - 
2018-01-08 15:20:31,469 - TC101_AddQualificationDetails_WorkExperience -INFO - <<PASS>> Application is launched successfully
2018-01-08 15:20:31,865 - TC101_AddQualificationDetails_WorkExperience -INFO - <<PASS>> Able to enter username
2018-01-08 15:20:32,216 - TC101_AddQualificationDetails_WorkExperience -INFO - <<PASS>> Able to enter password
2018-01-08 15:20:33,873 - TC101_AddQualificationDetails_WorkExperience -INFO - <<PASS>> Able to click on login
2018-01-08 15:20:34,152 - TC101_AddQualificationDetails_WorkExperience -INFO - <<PASS>> Login is successful
2018-01-08 15:20:36,037 - TC101_AddQualificationDetails_WorkExperience -INFO - <<PASS>> Able to click on MyInfo
2018-01-08 15:20:37,681 - TC101_AddQualificationDetails_WorkExperience -INFO - <<PASS>> Able to click on Qualifications
2018-01-08 15:20:38,041 - TC101_AddQualificationDetails_WorkExperience -INFO - <<PASS>> Able to click on WorkExperience Add Button
2018-01-08 15:20:38,410 - TC101_AddQualificationDetails_WorkExperience -INFO - <<PASS>> Able to enter Company Name
2018-01-08 15:20:38,766 - TC101_AddQualificationDetails_WorkExperience -INFO - <<PASS>> Able to enter Jobtitle
2018-01-08 15:52:18,875 - :::::Start Execution:::: -INFO - 
2018-01-08 15:52:18,893 - :::::Start TestCase:::: -INFO - 
2018-01-08 15:52:27,211 - TC101_AddQualificationDetails_WorkExperience -INFO - <<PASS>> Application is launched successfully
2018-01-08 15:52:27,631 - TC101_AddQualificationDetails_WorkExperience -INFO - <<PASS>> Able to enter username
2018-01-08 15:52:28,004 - TC101_AddQualificationDetails_WorkExperience -INFO - <<PASS>> Able to enter password
2018-01-08 15:52:29,555 - TC101_AddQualificationDetails_WorkExperience -INFO - <<PASS>> Able to click on login
2018-01-08 15:52:29,855 - TC101_AddQualificationDetails_WorkExperience -INFO - <<PASS>> Login is successful
2018-01-08 15:52:33,667 - TC101_AddQualificationDetails_WorkExperience -INFO - <<PASS>> Able to click on MyInfo
2018-01-08 15:52:35,717 - TC101_AddQualificationDetails_WorkExperience -INFO - <<PASS>> Able to click on Qualifications
2018-01-08 15:52:36,110 - TC101_AddQualificationDetails_WorkExperience -INFO - <<PASS>> Able to click on WorkExperience Add Button
2018-01-08 15:52:36,500 - TC101_AddQualificationDetails_WorkExperience -INFO - <<PASS>> Able to enter Company Name
2018-01-08 15:52:36,868 - TC101_AddQualificationDetails_WorkExperience -INFO - <<PASS>> Able to enter Jobtitle
2018-01-08 15:54:11,228 - :::::Start Execution:::: -INFO - 
2018-01-08 15:54:11,246 - :::::Start TestCase:::: -INFO - 
2018-01-08 15:54:17,733 - TC101_AddQualificationDetails_WorkExperience -INFO - <<PASS>> Application is launched successfully
2018-01-08 15:54:18,161 - TC101_AddQualificationDetails_WorkExperience -INFO - <<PASS>> Able to enter username
2018-01-08 15:54:18,535 - TC101_AddQualificationDetails_WorkExperience -INFO - <<PASS>> Able to enter password
2018-01-08 15:54:21,137 - TC101_AddQualificationDetails_WorkExperience -INFO - <<PASS>> Able to click on login
2018-01-08 15:54:21,453 - TC101_AddQualificationDetails_WorkExperience -INFO - <<PASS>> Login is successful
2018-01-08 15:54:25,734 - TC101_AddQualificationDetails_WorkExperience -INFO - <<PASS>> Able to click on MyInfo
2018-01-08 15:54:27,672 - TC101_AddQualificationDetails_WorkExperience -INFO - <<PASS>> Able to click on Qualifications
2018-01-08 15:54:28,070 - TC101_AddQualificationDetails_WorkExperience -INFO - <<PASS>> Able to click on WorkExperience Add Button
2018-01-08 15:54:28,449 - TC101_AddQualificationDetails_WorkExperience -INFO - <<PASS>> Able to enter Company Name
2018-01-08 15:54:28,809 - TC101_AddQualificationDetails_WorkExperience -INFO - <<PASS>> Able to enter Jobtitle
2018-01-08 15:54:49,030 - TC101_AddQualificationDetails_WorkExperience -INFO - <<PASS>> Able to enter Fromdate
2018-01-08 15:56:00,860 - :::::Start Execution:::: -INFO - 
2018-01-08 15:56:00,875 - :::::Start TestCase:::: -INFO - 
2018-01-08 15:56:05,335 - TC101_AddQualificationDetails_WorkExperience -INFO - <<PASS>> Application is launched successfully
2018-01-08 15:56:05,722 - TC101_AddQualificationDetails_WorkExperience -INFO - <<PASS>> Able to enter username
2018-01-08 15:56:06,067 - TC101_AddQualificationDetails_WorkExperience -INFO - <<PASS>> Able to enter password
2018-01-08 15:56:07,756 - TC101_AddQualificationDetails_WorkExperience -INFO - <<PASS>> Able to click on login
2018-01-08 15:56:08,050 - TC101_AddQualificationDetails_WorkExperience -INFO - <<PASS>> Login is successful
2018-01-08 15:56:11,674 - TC101_AddQualificationDetails_WorkExperience -INFO - <<PASS>> Able to click on MyInfo
2018-01-08 15:56:13,042 - TC101_AddQualificationDetails_WorkExperience -INFO - <<PASS>> Able to click on Qualifications
2018-01-08 15:56:13,422 - TC101_AddQualificationDetails_WorkExperience -INFO - <<PASS>> Able to click on WorkExperience Add Button
2018-01-08 15:56:13,783 - TC101_AddQualificationDetails_WorkExperience -INFO - <<PASS>> Able to enter Company Name
2018-01-08 15:56:14,137 - TC101_AddQualificationDetails_WorkExperience -INFO - <<PASS>> Able to enter Jobtitle
2018-01-08 15:56:15,631 - TC101_AddQualificationDetails_WorkExperience -INFO - <<PASS>> Able to enter Fromdate
2018-01-08 15:56:17,131 - TC101_AddQualificationDetails_WorkExperience -INFO - <<PASS>> Able to enter Todate
2018-01-08 15:56:17,506 - TC101_AddQualificationDetails_WorkExperience -INFO - <<PASS>> Able to enter Comments
2018-01-08 15:56:20,183 - TC101_AddQualificationDetails_WorkExperience -INFO - <<PASS>> Able to click on WorkExperience Save Button
2018-01-08 15:56:20,489 - TC101_AddQualificationDetails_WorkExperience -INFO - <<PASS>> Record Added Successfully Message is displayed
2018-01-08 15:56:25,374 - TC101_AddQualificationDetails_WorkExperience -INFO - <<PASS>> Able to click on Logout
2018-01-08 15:56:26,338 - :::::End TestCase:::: -INFO - 
2018-01-08 15:56:26,586 - :::::End Execution:::: -INFO - 
2018-01-08 15:58:44,387 - :::::Start Execution:::: -INFO - 
2018-01-08 15:58:44,408 - :::::Start TestCase:::: -INFO - 
2018-01-08 15:58:49,676 - TC102_DeleteQualificationDetails_WorkExperience -INFO - <<PASS>> Application is launched successfully
2018-01-08 15:58:50,080 - TC102_DeleteQualificationDetails_WorkExperience -INFO - <<PASS>> Able to enter username
2018-01-08 15:58:50,452 - TC102_DeleteQualificationDetails_WorkExperience -INFO - <<PASS>> Able to enter password
2018-01-08 15:58:52,560 - TC102_DeleteQualificationDetails_WorkExperience -INFO - <<PASS>> Able to click on login
2018-01-08 15:58:52,862 - TC102_DeleteQualificationDetails_WorkExperience -INFO - <<PASS>> Login is successful
2018-01-08 15:58:56,209 - TC102_DeleteQualificationDetails_WorkExperience -INFO - <<PASS>> Able to click on MyInfo
2018-01-08 15:58:57,595 - TC102_DeleteQualificationDetails_WorkExperience -INFO - <<PASS>> Able to click on Qualifications
2018-01-08 15:58:57,980 - TC102_DeleteQualificationDetails_WorkExperience -INFO - <<PASS>> Able to click On checkbox
2018-01-08 15:58:59,805 - TC102_DeleteQualificationDetails_WorkExperience -INFO - <<PASS>> Able to click On Delete Button
2018-01-08 15:59:00,116 - TC102_DeleteQualificationDetails_WorkExperience -INFO - <<PASS>> Records Deleted Successfully Message is displayed
2018-01-08 15:59:05,076 - TC102_DeleteQualificationDetails_WorkExperience -INFO - <<PASS>> Able to click on Logout
2018-01-08 15:59:05,875 - :::::End TestCase:::: -INFO - 
2018-01-08 15:59:06,145 - :::::End Execution:::: -INFO - 
2018-01-08 16:03:21,805 - :::::Start Execution:::: -INFO - 
2018-01-08 16:03:21,819 - :::::Start TestCase:::: -INFO - 
2018-01-08 16:03:25,971 - TC102_DeleteQualificationDetails_WorkExperience -INFO - <<PASS>> Application is launched successfully
2018-01-08 16:03:26,384 - TC102_DeleteQualificationDetails_WorkExperience -INFO - <<PASS>> Able to enter username
2018-01-08 16:03:26,752 - TC102_DeleteQualificationDetails_WorkExperience -INFO - <<PASS>> Able to enter password
2018-01-08 16:03:28,663 - TC102_DeleteQualificationDetails_WorkExperience -INFO - <<PASS>> Able to click on login
2018-01-08 16:03:28,971 - TC102_DeleteQualificationDetails_WorkExperience -INFO - <<PASS>> Login is successful
2018-01-08 16:03:33,092 - TC102_DeleteQualificationDetails_WorkExperience -INFO - <<PASS>> Able to click on MyInfo
2018-01-08 16:03:34,423 - TC102_DeleteQualificationDetails_WorkExperience -INFO - <<PASS>> Able to click on Qualifications
2018-01-08 16:03:34,813 - TC102_DeleteQualificationDetails_WorkExperience -INFO - <<PASS>> Able to click On checkbox
2018-01-08 16:03:37,043 - TC102_DeleteQualificationDetails_WorkExperience -INFO - <<PASS>> Able to click On Delete Button
2018-01-08 16:03:37,385 - TC102_DeleteQualificationDetails_WorkExperience -INFO - <<PASS>> Records Deleted Successfully Message is displayed
2018-01-08 16:03:42,394 - TC102_DeleteQualificationDetails_WorkExperience -INFO - <<PASS>> Able to click on Logout
2018-01-08 16:03:43,189 - :::::End TestCase:::: -INFO - 
2018-01-08 16:03:43,389 - :::::End Execution:::: -INFO - 
